<?xml version="1.0" encoding="UTF-8"?>
<!-- Generated by org.testng.reporters.JUnitReportReporter -->
<testsuite hostname="DESKTOP-RJ52POG" failures="0" tests="1" name="jenkin.App" time="5.642" errors="0" timestamp="2024-07-28T13:14:00 IST" skipped="0">
  <testcase classname="jenkin.App" name="main" time="5.642"/>
  <system-out/>
</testsuite> <!-- jenkin.App -->
